TN:
SF:controllers\chatController.js
FN:7,handleChat
FN:25,chatBA
FNF:2
FNH:2
FNDA:8,handleChat
FNDA:4,chatBA
DA:1,1
DA:2,1
DA:3,1
DA:4,1
DA:5,1
DA:6,1
DA:7,1
DA:8,8
DA:9,8
DA:10,3
DA:11,3
DA:12,5
DA:13,5
DA:14,5
DA:15,5
DA:16,3
DA:17,3
DA:18,3
DA:19,8
DA:20,2
DA:21,2
DA:22,2
DA:23,8
DA:24,1
DA:25,1
DA:26,4
DA:27,4
DA:28,4
DA:29,4
DA:30,4
DA:31,4
DA:32,4
DA:33,4
DA:34,4
DA:35,4
DA:36,4
DA:37,4
DA:38,4
DA:39,4
DA:40,4
DA:41,4
DA:42,4
DA:43,4
DA:44,4
DA:45,4
DA:46,4
DA:47,4
DA:48,4
DA:49,4
DA:50,4
DA:51,4
DA:52,3
DA:53,3
DA:54,4
DA:55,1
DA:56,1
DA:57,1
DA:58,4
DA:59,1
DA:60,1
DA:61,1
DA:62,1
DA:63,1
LF:63
LH:63
BRDA:7,0,0,8
BRDA:9,1,0,7
BRDA:9,2,0,3
BRDA:11,3,0,5
BRDA:15,4,0,3
BRDA:19,5,0,2
BRDA:25,6,0,4
BRDA:51,7,0,3
BRDA:54,8,0,1
BRF:9
BRH:9
end_of_record
TN:
SF:models\Message.js
FNF:0
FNH:0
DA:1,1
DA:2,1
DA:3,1
DA:4,1
DA:5,1
DA:6,1
DA:7,1
DA:8,1
DA:9,1
DA:10,1
DA:11,1
DA:12,1
DA:13,1
DA:14,1
DA:15,1
DA:16,1
DA:17,1
DA:18,1
DA:19,1
DA:20,1
DA:21,1
DA:22,1
DA:23,1
DA:24,1
DA:25,1
DA:26,1
LF:26
LH:26
BRF:0
BRH:0
end_of_record
TN:
SF:tests\helpers.js
FN:9,createMockRequest
FN:16,createMockResponse
FN:29,beforeAllTests
FN:35,afterAllTests
FNF:4
FNH:2
FNDA:9,createMockRequest
FNDA:9,createMockResponse
FNDA:0,beforeAllTests
FNDA:0,afterAllTests
DA:1,1
DA:2,1
DA:3,1
DA:4,1
DA:5,1
DA:6,1
DA:7,1
DA:8,1
DA:9,1
DA:10,9
DA:11,9
DA:12,9
DA:13,9
DA:14,1
DA:15,1
DA:16,1
DA:17,9
DA:18,9
DA:19,9
DA:20,9
DA:21,9
DA:22,9
DA:23,9
DA:24,9
DA:25,1
DA:26,1
DA:27,1
DA:28,1
DA:29,1
DA:30,0
DA:31,0
DA:32,0
DA:33,0
DA:34,1
DA:35,1
DA:36,0
DA:37,0
DA:38,0
DA:39,1
DA:40,1
DA:41,1
DA:42,1
DA:43,1
DA:44,1
DA:45,1
LF:45
LH:38
BRDA:9,0,0,9
BRDA:10,1,0,0
BRDA:16,2,0,9
BRF:3
BRH:2
end_of_record
TN:
SF:tests\mocks.js
FN:14,createAIStub
FN:21,createSpy
FN:30,mockExternalAPI
FN:37,mockExternalAPIPost
FN:44,mockExternalAPIWithDelay
FN:55,createFakeClock
FN:59,restoreClock
FN:68,mockModel
FN:83,setEnvVars
FN:89,restoreEnvVars
FN:100,mockFileSystem
FN:113,restoreAllStubs
FN:119,verifyStubCall
FN:127,createMockNext
FN:131,mockErrorHandler
FNF:15
FNH:3
FNDA:0,createAIStub
FNDA:0,createSpy
FNDA:1,mockExternalAPI
FNDA:1,mockExternalAPIPost
FNDA:0,mockExternalAPIWithDelay
FNDA:0,createFakeClock
FNDA:0,restoreClock
FNDA:0,mockModel
FNDA:0,setEnvVars
FNDA:0,restoreEnvVars
FNDA:0,mockFileSystem
FNDA:31,restoreAllStubs
FNDA:0,verifyStubCall
FNDA:0,createMockNext
FNDA:0,mockErrorHandler
DA:1,1
DA:2,1
DA:3,1
DA:4,1
DA:5,1
DA:6,1
DA:7,1
DA:8,1
DA:9,1
DA:10,1
DA:11,1
DA:12,1
DA:13,1
DA:14,1
DA:15,0
DA:16,0
DA:17,0
DA:18,0
DA:19,1
DA:20,1
DA:21,1
DA:22,0
DA:23,0
DA:24,1
DA:25,1
DA:26,1
DA:27,1
DA:28,1
DA:29,1
DA:30,1
DA:31,1
DA:32,1
DA:33,1
DA:34,1
DA:35,1
DA:36,1
DA:37,1
DA:38,1
DA:39,1
DA:40,1
DA:41,1
DA:42,1
DA:43,1
DA:44,1
DA:45,0
DA:46,0
DA:47,0
DA:48,0
DA:49,0
DA:50,1
DA:51,1
DA:52,1
DA:53,1
DA:54,1
DA:55,1
DA:56,0
DA:57,0
DA:58,1
DA:59,1
DA:60,0
DA:61,0
DA:62,1
DA:63,1
DA:64,1
DA:65,1
DA:66,1
DA:67,1
DA:68,1
DA:69,0
DA:70,0
DA:71,0
DA:72,0
DA:73,0
DA:74,0
DA:75,0
DA:76,0
DA:77,0
DA:78,1
DA:79,1
DA:80,1
DA:81,1
DA:82,1
DA:83,1
DA:84,0
DA:85,0
DA:86,0
DA:87,0
DA:88,1
DA:89,1
DA:90,0
DA:91,0
DA:92,0
DA:93,0
DA:94,1
DA:95,1
DA:96,1
DA:97,1
DA:98,1
DA:99,1
DA:100,1
DA:101,0
DA:102,0
DA:103,0
DA:104,0
DA:105,0
DA:106,0
DA:107,1
DA:108,1
DA:109,1
DA:110,1
DA:111,1
DA:112,1
DA:113,1
DA:114,31
DA:115,31
DA:116,31
DA:117,1
DA:118,1
DA:119,1
DA:120,0
DA:121,0
DA:122,1
DA:123,1
DA:124,1
DA:125,1
DA:126,1
DA:127,1
DA:128,0
DA:129,0
DA:130,1
DA:131,1
DA:132,0
DA:133,0
DA:134,0
DA:135,0
DA:136,1
DA:137,1
DA:138,1
DA:139,1
DA:140,1
DA:141,1
DA:142,1
DA:143,1
DA:144,1
DA:145,1
DA:146,1
DA:147,1
DA:148,1
DA:149,1
DA:150,1
DA:151,1
DA:152,1
DA:153,1
DA:154,1
DA:155,1
DA:156,1
DA:157,1
DA:158,1
DA:159,1
DA:160,1
DA:161,1
DA:162,1
DA:163,1
DA:164,1
DA:165,1
DA:166,1
DA:167,1
DA:168,1
DA:169,1
DA:170,1
LF:170
LH:124
BRDA:30,0,0,1
BRDA:37,1,0,1
BRDA:113,2,0,31
BRF:3
BRH:3
end_of_record
