TN:
SF:controllers\chatController.js
FN:7,handleChat
FN:25,chatBA
FNF:2
FNH:2
FNDA:8,handleChat
FNDA:4,chatBA
DA:1,1
DA:2,1
DA:3,1
DA:4,1
DA:5,1
DA:6,1
DA:7,1
DA:8,8
DA:9,8
DA:10,3
DA:11,3
DA:12,5
DA:13,5
DA:14,5
DA:15,5
DA:16,3
DA:17,3
DA:18,3
DA:19,8
DA:20,2
DA:21,2
DA:22,2
DA:23,8
DA:24,1
DA:25,1
DA:26,4
DA:27,4
DA:28,4
DA:29,4
DA:30,4
DA:31,4
DA:32,4
DA:33,4
DA:34,4
DA:35,4
DA:36,4
DA:37,4
DA:38,4
DA:39,4
DA:40,4
DA:41,4
DA:42,4
DA:43,4
DA:44,4
DA:45,4
DA:46,4
DA:47,4
DA:48,4
DA:49,4
DA:50,4
DA:51,4
DA:52,3
DA:53,3
DA:54,4
DA:55,1
DA:56,1
DA:57,1
DA:58,4
DA:59,1
DA:60,1
DA:61,1
DA:62,1
DA:63,1
LF:63
LH:63
BRDA:7,0,0,8
BRDA:9,1,0,7
BRDA:9,2,0,3
BRDA:11,3,0,5
BRDA:15,4,0,3
BRDA:19,5,0,2
BRDA:25,6,0,4
BRDA:51,7,0,3
BRDA:54,8,0,1
BRF:9
BRH:9
end_of_record
TN:
SF:models\Message.js
FNF:0
FNH:0
DA:1,1
DA:2,1
DA:3,1
DA:4,1
DA:5,1
DA:6,1
DA:7,1
DA:8,1
DA:9,1
DA:10,1
DA:11,1
DA:12,1
DA:13,1
DA:14,1
DA:15,1
DA:16,1
DA:17,1
DA:18,1
DA:19,1
DA:20,1
DA:21,1
DA:22,1
DA:23,1
DA:24,1
DA:25,1
DA:26,1
LF:26
LH:26
BRF:0
BRH:0
end_of_record
TN:
SF:tests\helpers.js
FN:9,createMockRequest
FN:16,createMockResponse
FN:29,beforeAllTests
FN:35,afterAllTests
FNF:4
FNH:2
FNDA:9,createMockRequest
FNDA:9,createMockResponse
FNDA:0,beforeAllTests
FNDA:0,afterAllTests
DA:1,1
DA:2,1
DA:3,1
DA:4,1
DA:5,1
DA:6,1
DA:7,1
DA:8,1
DA:9,1
DA:10,9
DA:11,9
DA:12,9
DA:13,9
DA:14,1
DA:15,1
DA:16,1
DA:17,9
DA:18,9
DA:19,9
DA:20,9
DA:21,9
DA:22,9
DA:23,9
DA:24,9
DA:25,1
DA:26,1
DA:27,1
DA:28,1
DA:29,1
DA:30,0
DA:31,0
DA:32,0
DA:33,0
DA:34,1
DA:35,1
DA:36,0
DA:37,0
DA:38,0
DA:39,1
DA:40,1
DA:41,1
DA:42,1
DA:43,1
DA:44,1
DA:45,1
LF:45
LH:38
BRDA:9,0,0,9
BRDA:10,1,0,0
BRDA:16,2,0,9
BRF:3
BRH:2
end_of_record
